<?xml version="1.0" encoding="UTF-8"?>
<!-- Generated by org.testng.reporters.JUnitReportReporter -->
<testsuite skipped="0" hostname="PUNLJYGZPF2" name="com.parallel.TestParallelClassOne" tests="2" failures="0" timestamp="12 Sep 2018 06:55:38 GMT" time="0.016" errors="0">
  <testcase name="testCaseOne" time="0.000" classname="com.parallel.TestParallelClassOne"/>
  <testcase name="testCaseTwo" time="0.016" classname="com.parallel.TestParallelClassOne"/>
</testsuite> <!-- com.parallel.TestParallelClassOne -->
